2012-08-06 01:43:51.181+0000: WARNING! Deprecated configuration options used. See manual for details
2012-08-06 01:43:51.181+0000: enable_online_backup has been replaced with online_backup_enabled and online_backup_port
2012-08-06 01:43:51.287+0000: Creating new db @ /Users/larimer/dev/mailgraph/db/neo4j-development/neostore
2012-08-06 01:43:51.459+0000: Opened [/Users/larimer/dev/mailgraph/db/neo4j-development/nioneo_logical.log.1] clean empty log, version=0, lastTxId=1
2012-08-06 01:43:51.470+0000: TM new log: tm_tx_log.1
2012-08-06 01:43:51.523+0000: Opened [/Users/larimer/dev/mailgraph/db/neo4j-development/index/lucene.log.1] clean empty log, version=0, lastTxId=1
2012-08-06 01:43:51.527+0000: --- STARTUP diagnostics START ---
2012-08-06 01:43:51.529+0000: Neo4j Kernel properties:
    read_only=false
    neo4j.ext.udc.host=udc.neo4j.org
    logical_log=/Users/larimer/dev/mailgraph/db/neo4j-development/nioneo_logical.log
    min_node_cache_size=0
    intercept_committing_transactions=false
    node_auto_indexing=false
    remote_shell_name=shell
    cache_type=soft
    intercept_deserialized_transactions=false
    ha.db=NO
    use_adaptive_cache=YES
    lucene_searcher_cache_size=2147483647
    neo4j.ext.udc.interval=86400000
    use_memory_mapped_buffers=true
    ha.coordinators=localhost:2181,localhost:2182,localhost:2183
    timestamps=YES
    rebuild_idgenerators_fast=true
    neostore.propertystore.db.index.keys.mapped_memory=1M
    max_node_cache_size=1500
    neostore.propertystore.db.strings.mapped_memory=130M
    neostore.propertystore.db.arrays.mapped_memory=130M
    gcr_cache_min_log_interval=60s
    relationship_grab_size=100
    relationship_auto_indexing=false
    remote_shell_read_only=false
    lucene_writer_cache_size=2147483647
    storage_path=/Users/larimer/dev/mailgraph/db/neo4j-development
    node_cache_array_fraction=1.0
    allow_store_upgrade=false
    execution_guard_enabled=false
    relationship_cache_array_fraction=1.0
    migration_thread=NO
    remote_logging_host=127.0.0.1
    store_dir=/Users/larimer/dev/mailgraph/db/neo4j-development
    remote_logging_port=4560
    enable_rules=YES
    gc_monitor_threshold=200ms
    load_kernel_extensions=true
    array_block_size=120
    neostore.relationshipstore.db.mapped_memory=50M
    dump_configuration=false
    gc_monitor_wait_time=100ms
    neostore.nodestore.db.mapped_memory=25M
    neo4j.ext.udc.first_delay=600000
    remote_shell_enabled=true
    min_relationship_cache_size=0
    max_relationship_cache_size=3500
    neo4j.ext.udc.reg=unreg
    remote_shell_port=9332
    adaptive_cache_heap_ratio=0.77
    identity_map=YES
    adaptive_cache_manager_decrease_ratio=1.15
    ha.server_id=2
    neo_store=/Users/larimer/dev/mailgraph/db/neo4j-development/neostore
    adaptive_cache_worker_sleep_time=3000
    neostore.propertystore.db.index.mapped_memory=1M
    adaptive_cache_manager_increase_ratio=1.1
    backup_slave=false
    neostore.propertystore.db.mapped_memory=90M
    string_block_size=120
    grab_file_lock=true
    remote_logging_enabled=false
    ha.server=localhost:6002
    neo4j.ext.udc.enabled=true
2012-08-06 01:43:51.537+0000: Diagnostics providers:
    org.neo4j.kernel.configuration.Config
    org.neo4j.kernel.info.DiagnosticsManager
    SYSTEM_MEMORY
    JAVA_MEMORY
    OPERATING_SYSTEM
    JAVA_VIRTUAL_MACHINE
    CLASSPATH
    LIBRARY_PATH
    SYSTEM_PROPERTIES
2012-08-06 01:43:51.538+0000: System memory information:
    Total Physical memory: 2.00 GB
    Free Physical memory: 370.04 MB
    Committed virtual memory: 3.12 GB
    Total swap space: 128.00 MB
    Free swap space: 121.16 MB
2012-08-06 01:43:51.547+0000: JVM memory information:
    Free  memory: 32.30 MB
    Total memory: 81.06 MB
    Max   memory: 495.88 MB
    Garbage Collector: ParNew: [Par Eden Space, Par Survivor Space]
    Garbage Collector: ConcurrentMarkSweep: [Par Eden Space, Par Survivor Space, CMS Old Gen, CMS Perm Gen]
    Memory Pool: Code Cache (Non-heap memory): committed=4.13 MB, used=3.85 MB, max=48.00 MB, threshold=0.00 B
    Memory Pool: Par Eden Space (Heap memory): committed=16.63 MB, used=6.95 MB, max=33.31 MB, threshold=?
    Memory Pool: Par Survivor Space (Heap memory): committed=2.06 MB, used=1.33 MB, max=4.13 MB, threshold=?
    Memory Pool: CMS Old Gen (Heap memory): committed=62.38 MB, used=40.48 MB, max=458.44 MB, threshold=0.00 B
    Memory Pool: CMS Perm Gen (Non-heap memory): committed=61.30 MB, used=41.45 MB, max=82.00 MB, threshold=0.00 B
2012-08-06 01:43:51.554+0000: Operating system information:
    Operating System: Mac OS X; version: 10.6.8; arch: x86_64; cpus: 2
    Max number of file descriptors: 10240
    Number of open file descriptors: 100
    Process id: 1505@mbp.local
    Byte order: LITTLE_ENDIAN
2012-08-06 01:43:51.557+0000: JVM information:
    VM Name: Java HotSpot(TM) 64-Bit Server VM
    VM Vendor: Apple Inc.
    VM Version: 20.8-b03-424
    JIT compiler: HotSpot 64-Bit Tiered Compilers
    VM Arguments: [-Djdk.home=, -Djruby.home=/Users/larimer/.rvm/rubies/jruby-1.7.0.preview1, -Djruby.script=jruby, -Djruby.shell=/bin/sh, -Djffi.boot.library.path=/Users/larimer/.rvm/rubies/jruby-1.7.0.preview1/lib/native/Darwin, -Xmx500m, -Xss2048k, -Djruby.memory.max=500m, -Djruby.stack.max=2048k, -Xbootclasspath/a:/Users/larimer/.rvm/rubies/jruby-1.7.0.preview1/lib/jruby.jar, -Dfile.encoding=UTF-8]
2012-08-06 01:43:51.559+0000: Java classpath:
     [bootstrap] /System/Library/Java/JavaVirtualMachines/1.6.0.jdk/Contents/Classes/charsets.jar
     [bootstrap] /System/Library/Frameworks/JavaVM.framework/Versions/A/Frameworks/JavaRuntimeSupport.framework/Versions/A/Resources/Java/JavaRuntimeSupport.jar
     [loader.2] file:/System/Library/Java/Extensions/dns_sd.jar
     [loader.0] file:/Users/larimer/.rvm/gems/jruby-1.7.0.preview1@railsgraph/gems/neo4j-community-1.7.1-java/lib/neo4j-community/jars/neo4j-lucene-index-1.7.1.jar
     [loader.0] file:/Users/larimer/.rvm/gems/jruby-1.7.0.preview1@railsgraph/gems/neo4j-community-1.7.1-java/lib/neo4j-community/jars/neo4j-shell-1.7.1.jar
     [loader.0] file:/Users/larimer/.rvm/gems/jruby-1.7.0.preview1@railsgraph/gems/neo4j-community-1.7.1-java/lib/neo4j-community/jars/lucene-core-3.5.0.jar
     [loader.0] file:/Users/larimer/.rvm/gems/jruby-1.7.0.preview1@railsgraph/gems/json-1.7.4-java/lib/json/ext/generator.jar
     [loader.2] file:/System/Library/Java/Extensions/MRJToolkit.jar
     [loader.2] file:/System/Library/Java/Extensions/vecmath.jar
     [loader.2] file:/System/Library/Java/Extensions/libmlib_jai.jnilib
     [loader.0] file:/Users/larimer/.rvm/gems/jruby-1.7.0.preview1@railsgraph/gems/neo4j-community-1.7.1-java/lib/neo4j-community/jars/org.apache.servicemix.bundles.jline-0.9.94_1.jar
     [loader.0] file:/Users/larimer/.rvm/gems/jruby-1.7.0.preview1@railsgraph/gems/neo4j-community-1.7.1-java/lib/neo4j-community/jars/neo4j-udc-1.7.1.jar
     [loader.2] file:/System/Library/Java/JavaVirtualMachines/1.6.0.jdk/Contents/Home/lib/ext/dnsns.jar
     [bootstrap] /System/Library/Java/JavaVirtualMachines/1.6.0.jdk/Contents/Classes/laf.jar
     [loader.2] file:/System/Library/Java/Extensions/libJ3D.jnilib
     [loader.2] file:/System/Library/Java/Extensions/mlibwrapper_jai.jar
     [bootstrap] /System/Library/Java/JavaVirtualMachines/1.6.0.jdk/Contents/Classes/classes.jar
     [loader.2] file:/System/Library/Java/JavaVirtualMachines/1.6.0.jdk/Contents/Home/lib/ext/localedata.jar
     [loader.2] file:/System/Library/Java/Extensions/QTJava.zip
     [loader.2] file:/System/Library/Java/Extensions/libShark.jnilib
     [bootstrap] /System/Library/Java/JavaVirtualMachines/1.6.0.jdk/Contents/Classes/ui.jar
     [loader.2] file:/System/Library/Java/Extensions/libAppleScriptEngine.jnilib
     [loader.2] file:/System/Library/Java/Extensions/libJ3DAudio.jnilib
     [loader.2] file:/System/Library/Java/Extensions/j3daudio.jar
     [bootstrap] /Users/larimer/.rvm/rubies/jruby-1.7.0.preview1/lib/jruby.jar
     [loader.2] file:/System/Library/Java/Extensions/libJ3DUtils.jnilib
     [loader.0] file:/Users/larimer/.rvm/gems/jruby-1.7.0.preview1@railsgraph/gems/neo4j-community-1.7.1-java/lib/neo4j-community/jars/neo4j-jmx-1.7.1.jar
     [loader.2] file:/System/Library/Java/Extensions/libQTJNative.jnilib
     [loader.0] file:/Users/larimer/.rvm/gems/jruby-1.7.0.preview1@railsgraph/gems/neo4j-community-1.7.1-java/lib/neo4j-community/jars/neo4j-cypher-1.7.1.jar
     [loader.2] file:/System/Library/Java/Extensions/j3dcore.jar
     [loader.0] file:/Users/larimer/.rvm/gems/jruby-1.7.0.preview1@railsgraph/gems/json-1.7.4-java/lib/json/ext/parser.jar
     [bootstrap] /System/Library/Java/JavaVirtualMachines/1.6.0.jdk/Contents/Classes/sunrsasign.jar
     [loader.2] file:/System/Library/Java/Extensions/j3dutils.jar
     [loader.2] file:/System/Library/Java/Extensions/jai_core.jar
     [loader.0] file:/Users/larimer/.rvm/gems/jruby-1.7.0.preview1@railsgraph/gems/neo4j-community-1.7.1-java/lib/neo4j-community/jars/neo4j-kernel-1.7.1.jar
     [loader.2] file:/System/Library/Java/Extensions/jai_codec.jar
     [loader.0] file:/Users/larimer/.rvm/gems/jruby-1.7.0.preview1@railsgraph/gems/neo4j-community-1.7.1-java/lib/neo4j-community/jars/server-api-1.7.1.jar
     [loader.2] file:/System/Library/Java/JavaVirtualMachines/1.6.0.jdk/Contents/Home/lib/ext/sunjce_provider.jar
     [loader.0] file:/Users/larimer/.rvm/gems/jruby-1.7.0.preview1@railsgraph/gems/therubyrhino_jar-1.7.4/jar/rhino-1.7R4.jar
     [loader.0] file:/Users/larimer/.rvm/gems/jruby-1.7.0.preview1@global/gems/bouncy-castle-java-1.5.0146.1/lib/bcmail-jdk15-146.jar
     [bootstrap] /System/Library/Java/JavaVirtualMachines/1.6.0.jdk/Contents/Home/lib/jce.jar
     [loader.0] file:/Users/larimer/.rvm/gems/jruby-1.7.0.preview1@railsgraph/gems/neo4j-community-1.7.1-java/lib/neo4j-community/jars/scala-library-2.9.0-1.jar
     [bootstrap] /System/Library/Java/JavaVirtualMachines/1.6.0.jdk/Contents/Classes/jsse.jar
     [loader.0] file:/Users/larimer/.rvm/gems/jruby-1.7.0.preview1@global/gems/bouncy-castle-java-1.5.0146.1/lib/bcprov-jdk15-146.jar
     [classpath + loader.1] file:/Users/larimer/dev/mailgraph/
     [loader.0] file:/Users/larimer/.rvm/gems/jruby-1.7.0.preview1@railsgraph/gems/neo4j-community-1.7.1-java/lib/neo4j-community/jars/neo4j-graph-matching-1.7.1.jar
     [loader.2] file:/System/Library/Java/Extensions/AppleScriptEngine.jar
     [bootstrap] /System/Library/Java/JavaVirtualMachines/1.6.0.jdk/Contents/Classes/jsfd.jar
     [loader.2] file:/System/Library/Java/JavaVirtualMachines/1.6.0.jdk/Contents/Home/lib/ext/apple_provider.jar
     [loader.0] file:/Users/larimer/.rvm/gems/jruby-1.7.0.preview1@railsgraph/gems/neo4j-community-1.7.1-java/lib/neo4j-community/jars/neo4j-graph-algo-1.7.1.jar
     [loader.0] file:/Users/larimer/.rvm/gems/jruby-1.7.0.preview1@railsgraph/gems/bcrypt-ruby-3.0.1-java/lib/bcrypt_ext.jar
     [loader.2] file:/System/Library/Java/JavaVirtualMachines/1.6.0.jdk/Contents/Home/lib/ext/sunpkcs11.jar
     [loader.0] file:/Users/larimer/.rvm/gems/jruby-1.7.0.preview1@railsgraph/gems/neo4j-community-1.7.1-java/lib/neo4j-community/jars/geronimo-jta_1.1_spec-1.1.1.jar
2012-08-06 01:43:51.562+0000: Library path:
    /Users/larimer/dev/mailgraph
    /Library/Java/Extensions
    /System/Library/Java/Extensions
    /usr/lib/java
2012-08-06 01:43:51.562+0000: System.properties:
    jruby.home = /Users/larimer/.rvm/rubies/jruby-1.7.0.preview1
    sun.boot.library.path = /System/Library/Java/JavaVirtualMachines/1.6.0.jdk/Contents/Libraries
    awt.nativeDoubleBuffering = true
    gopherProxySet = false
    mrj.build = 10M3720
    path.separator = :
    file.encoding.pkg = sun.io
    sun.java.launcher = SUN_STANDARD
    user.country = US
    sun.os.patch.level = unknown
    user.dir = /Users/larimer/dev/mailgraph
    jdk.home = 
    sun.jnu.encoding = MacRoman
    jruby.memory.max = 500m
    sun.management.compiler = HotSpot 64-Bit Tiered Compilers
    jffi.boot.library.path = /Users/larimer/.rvm/rubies/jruby-1.7.0.preview1/lib/native/Darwin
    user.home = /Users/larimer
    user.timezone = America/Chicago
    file.encoding = UTF-8
    jruby.stack.max = 2048k
    jruby.script = jruby
    user.name = larimer
    jruby.shell = /bin/sh
    sun.java.command = org/jruby/Main script/rails s
    sun.arch.data.model = 64
    user.language = en
    awt.toolkit = apple.awt.CToolkit
    file.separator = /
    sun.io.unicode.encoding = UnicodeLittle
    sun.cpu.endian = little
    mrj.version = 1060.1.6.0_33-424
    sun.cpu.isalist = 
2012-08-06 01:43:51.563+0000: --- STARTUP diagnostics END ---
2012-08-06 01:43:51.650+0000: Extension org.neo4j.kernel.KernelExtension[kernel jmx] loaded ok
2012-08-06 01:43:51.824+0000: Extension org.neo4j.kernel.KernelExtension[shell] loaded ok
2012-08-06 01:43:51.831+0000: Extension org.neo4j.kernel.KernelExtension[kernel udc] loaded ok
2012-08-06 01:43:51.836+0000: --- STARTUP diagnostics for KernelDiagnostics:Versions START ---
2012-08-06 01:43:51.836+0000: Graph Database: org.neo4j.kernel.EmbeddedGraphDatabase StoreId[time:1344217431287, id:3504829623272122935, store version: 13561656364791302]
2012-08-06 01:43:51.836+0000: Kernel version: Neo4j - Graph Database Kernel 1.7.1
2012-08-06 01:43:51.836+0000: Neo4j component versions:
2012-08-06 01:43:51.837+0000:   Neo4j - Graph Database Kernel 1.7.1
2012-08-06 01:43:51.837+0000: --- STARTUP diagnostics for KernelDiagnostics:Versions END ---
2012-08-06 01:43:51.841+0000: --- STARTUP diagnostics for NEO_STORE_VERSIONS START ---
2012-08-06 01:43:51.842+0000: Store versions:
    Store versions:
      NeoStore v0.A.0
      NodeStore v0.A.0
      RelationshipStore v0.A.0
      RelationshipTypeStore v0.A.0
      PropertyStore v0.A.0
      PropertyIndexStore v0.A.0
      StringPropertyStore v0.A.0
      ArrayPropertyStore v0.A.0
2012-08-06 01:43:51.842+0000: --- STARTUP diagnostics for NEO_STORE_VERSIONS END ---
2012-08-06 01:43:51.843+0000: --- STARTUP diagnostics for NEO_STORE_ID_USAGE START ---
2012-08-06 01:43:51.843+0000: Id usage:
    Id usage:
      NodeStore: used=1 high=0
      RelationshipStore: used=0 high=-1
      RelationshipTypeStore: used=0 high=-1
      PropertyStore: used=0 high=-1
      PropertyIndexStore: used=0 high=-1
      StringPropertyStore: used=1 high=0
      ArrayPropertyStore: used=1 high=0
2012-08-06 01:43:51.843+0000: --- STARTUP diagnostics for NEO_STORE_ID_USAGE END ---
2012-08-06 01:43:51.843+0000: --- STARTUP diagnostics for KernelDiagnostics:StoreFiles START ---
2012-08-06 01:43:51.843+0000: Storage files:
    active_tx_log: 11.00 B
    index:
      lucene-store.db: 40.00 B
      lucene.log.1: 16.00 B
      lucene.log.active: 4.00 B
    - Total: 60.00 B
    lock: 0.00 B
    messages.log: 14.00 kB
    neostore: 54.00 B
    neostore.id: 9.00 B
    neostore.nodestore.db: 9.00 B
    neostore.nodestore.db.id: 9.00 B
    neostore.propertystore.db: 0.00 B
    neostore.propertystore.db.arrays: 128.00 B
    neostore.propertystore.db.arrays.id: 9.00 B
    neostore.propertystore.db.id: 9.00 B
    neostore.propertystore.db.index: 0.00 B
    neostore.propertystore.db.index.id: 9.00 B
    neostore.propertystore.db.index.keys: 38.00 B
    neostore.propertystore.db.index.keys.id: 9.00 B
    neostore.propertystore.db.strings: 128.00 B
    neostore.propertystore.db.strings.id: 9.00 B
    neostore.relationshipstore.db: 0.00 B
    neostore.relationshipstore.db.id: 9.00 B
    neostore.relationshiptypestore.db: 0.00 B
    neostore.relationshiptypestore.db.id: 9.00 B
    neostore.relationshiptypestore.db.names: 38.00 B
    neostore.relationshiptypestore.db.names.id: 9.00 B
    nioneo_logical.log.1: 16.00 B
    nioneo_logical.log.active: 4.00 B
    tm_tx_log.1: 0.00 B
2012-08-06 01:43:51.846+0000: --- STARTUP diagnostics for KernelDiagnostics:StoreFiles END ---
2012-08-06 01:43:51.850+0000: Started - database is now available
2012-08-06 01:43:51.851+0000: GC Monitor started. 
2012-08-06 01:44:52.672+0000: Stopping - database is now unavailable
2012-08-06 01:44:52.677+0000: TM shutting down
2012-08-06 01:44:52.700+0000: GC Monitor stopped. 
2012-08-06 01:44:52.709+0000: Closed log /Users/larimer/dev/mailgraph/db/neo4j-development/index/lucene.log
2012-08-06 01:44:52.714+0000: Closed log /Users/larimer/dev/mailgraph/db/neo4j-development/nioneo_logical.log
2012-08-06 01:44:52.738+0000: NeoStore closed
2012-08-06 01:44:52.738+0000: --- SHUTDOWN diagnostics START ---
2012-08-06 01:44:52.738+0000: --- SHUTDOWN diagnostics END ---
